This is pdfTeX, Version 3.1415926-2.5-1.40.14 (MiKTeX 2.9 64-bit) (preloaded format=pdflatex 2014.8.21)  27 AUG 2014 22:07
entering extended mode
**elsarticle-chien.tex
(F:\Dropbox\GITHUB\Journal\LaTeX\elsarticle-chien.tex
LaTeX2e <2011/06/27>
Babel <v3.8m> and hyphenation patterns for english, afrikaans, ancientgreek, ar
abic, armenian, assamese, basque, bengali, bokmal, bulgarian, catalan, coptic, 
croatian, czech, danish, dutch, esperanto, estonian, farsi, finnish, french, ga
lician, german, german-x-2013-05-26, greek, gujarati, hindi, hungarian, iceland
ic, indonesian, interlingua, irish, italian, kannada, kurmanji, latin, latvian,
 lithuanian, malayalam, marathi, mongolian, mongolianlmc, monogreek, ngerman, n
german-x-2013-05-26, nynorsk, oriya, panjabi, pinyin, polish, portuguese, roman
ian, russian, sanskrit, serbian, slovak, slovenian, spanish, swedish, swissgerm
an, tamil, telugu, turkish, turkmen, ukenglish, ukrainian, uppersorbian, usengl
ishmax, welsh, loaded.
("C:\Program Files\MiKTeX 2.9\tex\latex\elsarticle\elsarticle.cls"
Document Class: elsarticle 2009/09/17, 1.2.0: Elsevier Ltd
\@bls=\dimen102
("C:\Program Files\MiKTeX 2.9\tex\latex\base\article.cls"
Document Class: article 2007/10/19 v1.4h Standard LaTeX document class
("C:\Program Files\MiKTeX 2.9\tex\latex\base\size10.clo"
File: size10.clo 2007/10/19 v1.4h Standard LaTeX file (size option)
)
\c@part=\count79
\c@section=\count80
\c@subsection=\count81
\c@subsubsection=\count82
\c@paragraph=\count83
\c@subparagraph=\count84
\c@figure=\count85
\c@table=\count86
\abovecaptionskip=\skip41
\belowcaptionskip=\skip42
\bibindent=\dimen103
)
("C:\Program Files\MiKTeX 2.9\tex\latex\graphics\graphicx.sty"
Package: graphicx 1999/02/16 v1.0f Enhanced LaTeX Graphics (DPC,SPQR)

("C:\Program Files\MiKTeX 2.9\tex\latex\graphics\keyval.sty"
Package: keyval 1999/03/16 v1.13 key=value parser (DPC)
\KV@toks@=\toks14
)
("C:\Program Files\MiKTeX 2.9\tex\latex\graphics\graphics.sty"
Package: graphics 2009/02/05 v1.0o Standard LaTeX Graphics (DPC,SPQR)

("C:\Program Files\MiKTeX 2.9\tex\latex\graphics\trig.sty"
Package: trig 1999/03/16 v1.09 sin cos tan (DPC)
)
("C:\Program Files\MiKTeX 2.9\tex\latex\00miktex\graphics.cfg"
File: graphics.cfg 2007/01/18 v1.5 graphics configuration of teTeX/TeXLive
)
Package graphics Info: Driver file: pdftex.def on input line 91.

("C:\Program Files\MiKTeX 2.9\tex\latex\pdftex-def\pdftex.def"
File: pdftex.def 2011/05/27 v0.06d Graphics/color for pdfTeX

("C:\Program Files\MiKTeX 2.9\tex\generic\oberdiek\infwarerr.sty"
Package: infwarerr 2010/04/08 v1.3 Providing info/warning/error messages (HO)
)
("C:\Program Files\MiKTeX 2.9\tex\generic\oberdiek\ltxcmds.sty"
Package: ltxcmds 2011/11/09 v1.22 LaTeX kernel commands for general use (HO)
)
\Gread@gobject=\count87
))
\Gin@req@height=\dimen104
\Gin@req@width=\dimen105
)
("C:\Program Files\MiKTeX 2.9\tex\latex\psnfss\pifont.sty"
Package: pifont 2005/04/12 PSNFSS-v9.2a Pi font support (SPQR) 
LaTeX Font Info:    Try loading font information for U+pzd on input line 63.

("C:\Program Files\MiKTeX 2.9\tex\latex\psnfss\upzd.fd"
File: upzd.fd 2001/06/04 font definitions for U/pzd.
)
LaTeX Font Info:    Try loading font information for U+psy on input line 64.

("C:\Program Files\MiKTeX 2.9\tex\latex\psnfss\upsy.fd"
File: upsy.fd 2001/06/04 font definitions for U/psy.
))
\c@tnote=\count88
\c@fnote=\count89
\c@cnote=\count90
\c@ead=\count91
\c@author=\count92
\@eadauthor=\toks15
\c@affn=\count93
\absbox=\box26
\keybox=\box27
\Columnwidth=\dimen106
\space@left=\dimen107
\els@boxa=\box28
\els@boxb=\box29
\leftMargin=\dimen108
\@enLab=\toks16
\@sep=\skip43
\@@sep=\skip44

(F:\Dropbox\GITHUB\Journal\LaTeX\elsarticle-chien.spl)
("C:\Program Files\MiKTeX 2.9\tex\latex\natbib\natbib.sty"
Package: natbib 2010/09/13 8.31b (PWD, AO)
\bibhang=\skip45
\bibsep=\skip46
LaTeX Info: Redefining \cite on input line 694.
\c@NAT@ctr=\count94
)
\splwrite=\write3

("C:\Program Files\MiKTeX 2.9\tex\latex\geometry\geometry.sty"
Package: geometry 2010/09/12 v5.6 Page Geometry

("C:\Program Files\MiKTeX 2.9\tex\generic\oberdiek\ifpdf.sty"
Package: ifpdf 2011/01/30 v2.3 Provides the ifpdf switch (HO)
Package ifpdf Info: pdfTeX in PDF mode is detected.
)
("C:\Program Files\MiKTeX 2.9\tex\generic\oberdiek\ifvtex.sty"
Package: ifvtex 2010/03/01 v1.5 Detect VTeX and its facilities (HO)
Package ifvtex Info: VTeX not detected.
)
("C:\Program Files\MiKTeX 2.9\tex\generic\ifxetex\ifxetex.sty"
Package: ifxetex 2010/09/12 v0.6 Provides ifxetex conditional
)
\Gm@cnth=\count95
\Gm@cntv=\count96
\c@Gm@tempcnt=\count97
\Gm@bindingoffset=\dimen109
\Gm@wd@mp=\dimen110
\Gm@odd@mp=\dimen111
\Gm@even@mp=\dimen112
\Gm@layoutwidth=\dimen113
\Gm@layoutheight=\dimen114
\Gm@layouthoffset=\dimen115
\Gm@layoutvoffset=\dimen116
\Gm@dimlist=\toks17

("C:\Program Files\MiKTeX 2.9\tex\latex\geometry\geometry.cfg"))
("C:\Program Files\MiKTeX 2.9\tex\latex\base\fleqn.clo"
File: fleqn.clo 1998/08/17 v1.1c Standard LaTeX option (flush left equations)
\mathindent=\dimen117
))
("C:\Program Files\MiKTeX 2.9\tex\latex\txfonts\txfonts.sty"
Package: txfonts 2008/01/22 v3.2.1
LaTeX Font Info:    Redeclaring symbol font `operators' on input line 21.
LaTeX Font Info:    Overwriting symbol font `operators' in version `normal'
(Font)                  OT1/cmr/m/n --> OT1/txr/m/n on input line 21.
LaTeX Font Info:    Overwriting symbol font `operators' in version `bold'
(Font)                  OT1/cmr/bx/n --> OT1/txr/m/n on input line 21.
LaTeX Font Info:    Overwriting symbol font `operators' in version `bold'
(Font)                  OT1/txr/m/n --> OT1/txr/bx/n on input line 22.
\symitalic=\mathgroup4
LaTeX Font Info:    Overwriting symbol font `italic' in version `bold'
(Font)                  OT1/txr/m/it --> OT1/txr/bx/it on input line 26.
LaTeX Font Info:    Redeclaring math alphabet \mathbf on input line 29.
LaTeX Font Info:    Overwriting math alphabet `\mathbf' in version `normal'
(Font)                  OT1/cmr/bx/n --> OT1/txr/bx/n on input line 29.
LaTeX Font Info:    Overwriting math alphabet `\mathbf' in version `bold'
(Font)                  OT1/cmr/bx/n --> OT1/txr/bx/n on input line 29.
LaTeX Font Info:    Redeclaring math alphabet \mathit on input line 30.
LaTeX Font Info:    Overwriting math alphabet `\mathit' in version `normal'
(Font)                  OT1/cmr/m/it --> OT1/txr/m/it on input line 30.
LaTeX Font Info:    Overwriting math alphabet `\mathit' in version `bold'
(Font)                  OT1/cmr/bx/it --> OT1/txr/m/it on input line 30.
LaTeX Font Info:    Overwriting math alphabet `\mathit' in version `bold'
(Font)                  OT1/txr/m/it --> OT1/txr/bx/it on input line 31.
LaTeX Font Info:    Redeclaring math alphabet \mathsf on input line 40.
LaTeX Font Info:    Overwriting math alphabet `\mathsf' in version `normal'
(Font)                  OT1/cmss/m/n --> OT1/txss/m/n on input line 40.
LaTeX Font Info:    Overwriting math alphabet `\mathsf' in version `bold'
(Font)                  OT1/cmss/bx/n --> OT1/txss/m/n on input line 40.
LaTeX Font Info:    Overwriting math alphabet `\mathsf' in version `bold'
(Font)                  OT1/txss/m/n --> OT1/txss/b/n on input line 41.
LaTeX Font Info:    Redeclaring math alphabet \mathtt on input line 50.
LaTeX Font Info:    Overwriting math alphabet `\mathtt' in version `normal'
(Font)                  OT1/cmtt/m/n --> OT1/txtt/m/n on input line 50.
LaTeX Font Info:    Overwriting math alphabet `\mathtt' in version `bold'
(Font)                  OT1/cmtt/m/n --> OT1/txtt/m/n on input line 50.
LaTeX Font Info:    Overwriting math alphabet `\mathtt' in version `bold'
(Font)                  OT1/txtt/m/n --> OT1/txtt/b/n on input line 51.
LaTeX Font Info:    Redeclaring symbol font `letters' on input line 58.
LaTeX Font Info:    Overwriting symbol font `letters' in version `normal'
(Font)                  OML/cmm/m/it --> OML/txmi/m/it on input line 58.
LaTeX Font Info:    Overwriting symbol font `letters' in version `bold'
(Font)                  OML/cmm/b/it --> OML/txmi/m/it on input line 58.
LaTeX Font Info:    Overwriting symbol font `letters' in version `bold'
(Font)                  OML/txmi/m/it --> OML/txmi/bx/it on input line 59.
\symlettersA=\mathgroup5
LaTeX Font Info:    Overwriting symbol font `lettersA' in version `bold'
(Font)                  U/txmia/m/it --> U/txmia/bx/it on input line 67.
LaTeX Font Info:    Redeclaring symbol font `symbols' on input line 77.
LaTeX Font Info:    Overwriting symbol font `symbols' in version `normal'
(Font)                  OMS/cmsy/m/n --> OMS/txsy/m/n on input line 77.
LaTeX Font Info:    Overwriting symbol font `symbols' in version `bold'
(Font)                  OMS/cmsy/b/n --> OMS/txsy/m/n on input line 77.
LaTeX Font Info:    Overwriting symbol font `symbols' in version `bold'
(Font)                  OMS/txsy/m/n --> OMS/txsy/bx/n on input line 78.
\symAMSa=\mathgroup6
LaTeX Font Info:    Overwriting symbol font `AMSa' in version `bold'
(Font)                  U/txsya/m/n --> U/txsya/bx/n on input line 94.
\symAMSb=\mathgroup7
LaTeX Font Info:    Overwriting symbol font `AMSb' in version `bold'
(Font)                  U/txsyb/m/n --> U/txsyb/bx/n on input line 103.
\symsymbolsC=\mathgroup8
LaTeX Font Info:    Overwriting symbol font `symbolsC' in version `bold'
(Font)                  U/txsyc/m/n --> U/txsyc/bx/n on input line 113.
LaTeX Font Info:    Redeclaring symbol font `largesymbols' on input line 120.
LaTeX Font Info:    Overwriting symbol font `largesymbols' in version `normal'
(Font)                  OMX/cmex/m/n --> OMX/txex/m/n on input line 120.
LaTeX Font Info:    Overwriting symbol font `largesymbols' in version `bold'
(Font)                  OMX/cmex/m/n --> OMX/txex/m/n on input line 120.
LaTeX Font Info:    Overwriting symbol font `largesymbols' in version `bold'
(Font)                  OMX/txex/m/n --> OMX/txex/bx/n on input line 121.
\symlargesymbolsA=\mathgroup9
LaTeX Font Info:    Overwriting symbol font `largesymbolsA' in version `bold'
(Font)                  U/txexa/m/n --> U/txexa/bx/n on input line 129.
LaTeX Info: Redefining \not on input line 1043.
)
("C:\Program Files\MiKTeX 2.9\tex\latex\amsfonts\amssymb.sty"
Package: amssymb 2013/01/14 v3.01 AMS font symbols

("C:\Program Files\MiKTeX 2.9\tex\latex\amsfonts\amsfonts.sty"
Package: amsfonts 2013/01/14 v3.01 Basic AMSFonts support
\@emptytoks=\toks18
LaTeX Font Info:    Redeclaring symbol font `AMSa' on input line 59.
LaTeX Font Info:    Overwriting symbol font `AMSa' in version `normal'
(Font)                  U/txsya/m/n --> U/msa/m/n on input line 59.
LaTeX Font Info:    Overwriting symbol font `AMSa' in version `bold'
(Font)                  U/txsya/bx/n --> U/msa/m/n on input line 59.
LaTeX Font Info:    Redeclaring symbol font `AMSb' on input line 60.
LaTeX Font Info:    Overwriting symbol font `AMSb' in version `normal'
(Font)                  U/txsyb/m/n --> U/msb/m/n on input line 60.
LaTeX Font Info:    Overwriting symbol font `AMSb' in version `bold'
(Font)                  U/txsyb/bx/n --> U/msb/m/n on input line 60.
LaTeX Font Info:    Redeclaring math delimiter \ulcorner on input line 74.
LaTeX Font Info:    Redeclaring math delimiter \urcorner on input line 75.
LaTeX Font Info:    Redeclaring math delimiter \llcorner on input line 76.
LaTeX Font Info:    Redeclaring math delimiter \lrcorner on input line 77.
LaTeX Font Info:    Redeclaring math symbol \square on input line 141.
LaTeX Font Info:    Redeclaring math symbol \lozenge on input line 142.
)
LaTeX Font Info:    Redeclaring math symbol \boxdot on input line 44.
LaTeX Font Info:    Redeclaring math symbol \boxplus on input line 45.
LaTeX Font Info:    Redeclaring math symbol \boxtimes on input line 46.
LaTeX Font Info:    Redeclaring math symbol \blacksquare on input line 48.
LaTeX Font Info:    Redeclaring math symbol \centerdot on input line 49.
LaTeX Font Info:    Redeclaring math symbol \blacklozenge on input line 51.
LaTeX Font Info:    Redeclaring math symbol \circlearrowright on input line 52.

LaTeX Font Info:    Redeclaring math symbol \circlearrowleft on input line 53.
LaTeX Font Info:    Redeclaring math symbol \leftrightharpoons on input line 56
.
LaTeX Font Info:    Redeclaring math symbol \boxminus on input line 57.
LaTeX Font Info:    Redeclaring math symbol \Vdash on input line 58.
LaTeX Font Info:    Redeclaring math symbol \Vvdash on input line 59.
LaTeX Font Info:    Redeclaring math symbol \vDash on input line 60.
LaTeX Font Info:    Redeclaring math symbol \twoheadrightarrow on input line 61
.
LaTeX Font Info:    Redeclaring math symbol \twoheadleftarrow on input line 62.

LaTeX Font Info:    Redeclaring math symbol \leftleftarrows on input line 63.
LaTeX Font Info:    Redeclaring math symbol \rightrightarrows on input line 64.

LaTeX Font Info:    Redeclaring math symbol \upuparrows on input line 65.
LaTeX Font Info:    Redeclaring math symbol \downdownarrows on input line 66.
LaTeX Font Info:    Redeclaring math symbol \upharpoonright on input line 67.
LaTeX Font Info:    Redeclaring math symbol \downharpoonright on input line 69.

LaTeX Font Info:    Redeclaring math symbol \upharpoonleft on input line 70.
LaTeX Font Info:    Redeclaring math symbol \downharpoonleft on input line 71.
LaTeX Font Info:    Redeclaring math symbol \rightarrowtail on input line 72.
LaTeX Font Info:    Redeclaring math symbol \leftarrowtail on input line 73.
LaTeX Font Info:    Redeclaring math symbol \leftrightarrows on input line 74.
LaTeX Font Info:    Redeclaring math symbol \rightleftarrows on input line 75.
LaTeX Font Info:    Redeclaring math symbol \Lsh on input line 76.
LaTeX Font Info:    Redeclaring math symbol \Rsh on input line 77.
LaTeX Font Info:    Redeclaring math symbol \leftrightsquigarrow on input line 
79.
LaTeX Font Info:    Redeclaring math symbol \looparrowleft on input line 80.
LaTeX Font Info:    Redeclaring math symbol \looparrowright on input line 81.
LaTeX Font Info:    Redeclaring math symbol \circeq on input line 82.
LaTeX Font Info:    Redeclaring math symbol \succsim on input line 83.
LaTeX Font Info:    Redeclaring math symbol \gtrsim on input line 84.
LaTeX Font Info:    Redeclaring math symbol \gtrapprox on input line 85.
LaTeX Font Info:    Redeclaring math symbol \multimap on input line 86.
LaTeX Font Info:    Redeclaring math symbol \therefore on input line 87.
LaTeX Font Info:    Redeclaring math symbol \because on input line 88.
LaTeX Font Info:    Redeclaring math symbol \doteqdot on input line 89.
LaTeX Font Info:    Redeclaring math symbol \triangleq on input line 91.
LaTeX Font Info:    Redeclaring math symbol \precsim on input line 92.
LaTeX Font Info:    Redeclaring math symbol \lesssim on input line 93.
LaTeX Font Info:    Redeclaring math symbol \lessapprox on input line 94.
LaTeX Font Info:    Redeclaring math symbol \eqslantless on input line 95.
LaTeX Font Info:    Redeclaring math symbol \eqslantgtr on input line 96.
LaTeX Font Info:    Redeclaring math symbol \curlyeqprec on input line 97.
LaTeX Font Info:    Redeclaring math symbol \curlyeqsucc on input line 98.
LaTeX Font Info:    Redeclaring math symbol \preccurlyeq on input line 99.
LaTeX Font Info:    Redeclaring math symbol \leqq on input line 100.
LaTeX Font Info:    Redeclaring math symbol \leqslant on input line 101.
LaTeX Font Info:    Redeclaring math symbol \lessgtr on input line 102.
LaTeX Font Info:    Redeclaring math symbol \backprime on input line 103.
LaTeX Font Info:    Redeclaring math symbol \risingdotseq on input line 104.
LaTeX Font Info:    Redeclaring math symbol \fallingdotseq on input line 105.
LaTeX Font Info:    Redeclaring math symbol \succcurlyeq on input line 106.
LaTeX Font Info:    Redeclaring math symbol \geqq on input line 107.
LaTeX Font Info:    Redeclaring math symbol \geqslant on input line 108.
LaTeX Font Info:    Redeclaring math symbol \gtrless on input line 109.
LaTeX Font Info:    Redeclaring math symbol \bigstar on input line 117.
LaTeX Font Info:    Redeclaring math symbol \between on input line 118.
LaTeX Font Info:    Redeclaring math symbol \blacktriangledown on input line 11
9.
LaTeX Font Info:    Redeclaring math symbol \blacktriangleright on input line 1
20.
LaTeX Font Info:    Redeclaring math symbol \blacktriangleleft on input line 12
1.
LaTeX Font Info:    Redeclaring math symbol \vartriangle on input line 122.
LaTeX Font Info:    Redeclaring math symbol \blacktriangle on input line 123.
LaTeX Font Info:    Redeclaring math symbol \triangledown on input line 124.
LaTeX Font Info:    Redeclaring math symbol \eqcirc on input line 125.
LaTeX Font Info:    Redeclaring math symbol \lesseqgtr on input line 126.
LaTeX Font Info:    Redeclaring math symbol \gtreqless on input line 127.
LaTeX Font Info:    Redeclaring math symbol \lesseqqgtr on input line 128.
LaTeX Font Info:    Redeclaring math symbol \gtreqqless on input line 129.
LaTeX Font Info:    Redeclaring math symbol \Rrightarrow on input line 130.
LaTeX Font Info:    Redeclaring math symbol \Lleftarrow on input line 131.
LaTeX Font Info:    Redeclaring math symbol \veebar on input line 132.
LaTeX Font Info:    Redeclaring math symbol \barwedge on input line 133.
LaTeX Font Info:    Redeclaring math symbol \doublebarwedge on input line 134.
LaTeX Font Info:    Redeclaring math symbol \measuredangle on input line 137.
LaTeX Font Info:    Redeclaring math symbol \sphericalangle on input line 138.
LaTeX Font Info:    Redeclaring math symbol \varpropto on input line 139.
LaTeX Font Info:    Redeclaring math symbol \smallsmile on input line 140.
LaTeX Font Info:    Redeclaring math symbol \smallfrown on input line 141.
LaTeX Font Info:    Redeclaring math symbol \Subset on input line 142.
LaTeX Font Info:    Redeclaring math symbol \Supset on input line 143.
LaTeX Font Info:    Redeclaring math symbol \Cup on input line 144.
LaTeX Font Info:    Redeclaring math symbol \Cap on input line 146.
LaTeX Font Info:    Redeclaring math symbol \curlywedge on input line 148.
LaTeX Font Info:    Redeclaring math symbol \curlyvee on input line 149.
LaTeX Font Info:    Redeclaring math symbol \leftthreetimes on input line 150.
LaTeX Font Info:    Redeclaring math symbol \rightthreetimes on input line 151.

LaTeX Font Info:    Redeclaring math symbol \subseteqq on input line 152.
LaTeX Font Info:    Redeclaring math symbol \supseteqq on input line 153.
LaTeX Font Info:    Redeclaring math symbol \bumpeq on input line 154.
LaTeX Font Info:    Redeclaring math symbol \Bumpeq on input line 155.
LaTeX Font Info:    Redeclaring math symbol \lll on input line 156.
LaTeX Font Info:    Redeclaring math symbol \ggg on input line 158.
LaTeX Font Info:    Redeclaring math symbol \circledS on input line 160.
LaTeX Font Info:    Redeclaring math symbol \pitchfork on input line 161.
LaTeX Font Info:    Redeclaring math symbol \dotplus on input line 162.
LaTeX Font Info:    Redeclaring math symbol \backsim on input line 163.
LaTeX Font Info:    Redeclaring math symbol \backsimeq on input line 164.
LaTeX Font Info:    Redeclaring math symbol \complement on input line 165.
LaTeX Font Info:    Redeclaring math symbol \intercal on input line 166.
LaTeX Font Info:    Redeclaring math symbol \circledcirc on input line 167.
LaTeX Font Info:    Redeclaring math symbol \circledast on input line 168.
LaTeX Font Info:    Redeclaring math symbol \circleddash on input line 169.
LaTeX Font Info:    Redeclaring math symbol \lvertneqq on input line 171.
LaTeX Font Info:    Redeclaring math symbol \gvertneqq on input line 172.
LaTeX Font Info:    Redeclaring math symbol \nleq on input line 173.
LaTeX Font Info:    Redeclaring math symbol \ngeq on input line 174.
LaTeX Font Info:    Redeclaring math symbol \nless on input line 175.
LaTeX Font Info:    Redeclaring math symbol \ngtr on input line 176.
LaTeX Font Info:    Redeclaring math symbol \nprec on input line 177.
LaTeX Font Info:    Redeclaring math symbol \nsucc on input line 178.
LaTeX Font Info:    Redeclaring math symbol \lneqq on input line 179.
LaTeX Font Info:    Redeclaring math symbol \gneqq on input line 180.
LaTeX Font Info:    Redeclaring math symbol \nleqslant on input line 181.
LaTeX Font Info:    Redeclaring math symbol \ngeqslant on input line 182.
LaTeX Font Info:    Redeclaring math symbol \lneq on input line 183.
LaTeX Font Info:    Redeclaring math symbol \gneq on input line 184.
LaTeX Font Info:    Redeclaring math symbol \npreceq on input line 185.
LaTeX Font Info:    Redeclaring math symbol \nsucceq on input line 186.
LaTeX Font Info:    Redeclaring math symbol \precnsim on input line 187.
LaTeX Font Info:    Redeclaring math symbol \succnsim on input line 188.
LaTeX Font Info:    Redeclaring math symbol \lnsim on input line 189.
LaTeX Font Info:    Redeclaring math symbol \gnsim on input line 190.
LaTeX Font Info:    Redeclaring math symbol \nleqq on input line 191.
LaTeX Font Info:    Redeclaring math symbol \ngeqq on input line 192.
LaTeX Font Info:    Redeclaring math symbol \precneqq on input line 193.
LaTeX Font Info:    Redeclaring math symbol \succneqq on input line 194.
LaTeX Font Info:    Redeclaring math symbol \precnapprox on input line 195.
LaTeX Font Info:    Redeclaring math symbol \succnapprox on input line 196.
LaTeX Font Info:    Redeclaring math symbol \lnapprox on input line 197.
LaTeX Font Info:    Redeclaring math symbol \gnapprox on input line 198.
LaTeX Font Info:    Redeclaring math symbol \nsim on input line 199.
LaTeX Font Info:    Redeclaring math symbol \ncong on input line 200.
LaTeX Font Info:    Redeclaring math symbol \diagup on input line 201.
LaTeX Font Info:    Redeclaring math symbol \diagdown on input line 202.
LaTeX Font Info:    Redeclaring math symbol \varsubsetneq on input line 203.
LaTeX Font Info:    Redeclaring math symbol \varsupsetneq on input line 204.
LaTeX Font Info:    Redeclaring math symbol \nsubseteqq on input line 205.
LaTeX Font Info:    Redeclaring math symbol \nsupseteqq on input line 206.
LaTeX Font Info:    Redeclaring math symbol \subsetneqq on input line 207.
LaTeX Font Info:    Redeclaring math symbol \supsetneqq on input line 208.
LaTeX Font Info:    Redeclaring math symbol \varsubsetneqq on input line 209.
LaTeX Font Info:    Redeclaring math symbol \varsupsetneqq on input line 210.
LaTeX Font Info:    Redeclaring math symbol \subsetneq on input line 211.
LaTeX Font Info:    Redeclaring math symbol \supsetneq on input line 212.
LaTeX Font Info:    Redeclaring math symbol \nsubseteq on input line 213.
LaTeX Font Info:    Redeclaring math symbol \nsupseteq on input line 214.
LaTeX Font Info:    Redeclaring math symbol \nparallel on input line 215.
LaTeX Font Info:    Redeclaring math symbol \nmid on input line 216.
LaTeX Font Info:    Redeclaring math symbol \nshortmid on input line 217.
LaTeX Font Info:    Redeclaring math symbol \nshortparallel on input line 218.
LaTeX Font Info:    Redeclaring math symbol \nvdash on input line 219.
LaTeX Font Info:    Redeclaring math symbol \nVdash on input line 220.
LaTeX Font Info:    Redeclaring math symbol \nvDash on input line 221.
LaTeX Font Info:    Redeclaring math symbol \nVDash on input line 222.
LaTeX Font Info:    Redeclaring math symbol \ntrianglerighteq on input line 223
.
LaTeX Font Info:    Redeclaring math symbol \ntrianglelefteq on input line 224.

LaTeX Font Info:    Redeclaring math symbol \ntriangleleft on input line 225.
LaTeX Font Info:    Redeclaring math symbol \ntriangleright on input line 226.
LaTeX Font Info:    Redeclaring math symbol \nleftarrow on input line 227.
LaTeX Font Info:    Redeclaring math symbol \nrightarrow on input line 228.
LaTeX Font Info:    Redeclaring math symbol \nLeftarrow on input line 229.
LaTeX Font Info:    Redeclaring math symbol \nRightarrow on input line 230.
LaTeX Font Info:    Redeclaring math symbol \nLeftrightarrow on input line 231.

LaTeX Font Info:    Redeclaring math symbol \nleftrightarrow on input line 232.

LaTeX Font Info:    Redeclaring math symbol \divideontimes on input line 233.
LaTeX Font Info:    Redeclaring math symbol \varnothing on input line 234.
LaTeX Font Info:    Redeclaring math symbol \nexists on input line 235.
LaTeX Font Info:    Redeclaring math symbol \Finv on input line 236.
LaTeX Font Info:    Redeclaring math symbol \Game on input line 237.
LaTeX Font Info:    Redeclaring math symbol \eth on input line 240.
LaTeX Font Info:    Redeclaring math symbol \eqsim on input line 241.
LaTeX Font Info:    Redeclaring math symbol \beth on input line 242.
LaTeX Font Info:    Redeclaring math symbol \gimel on input line 243.
LaTeX Font Info:    Redeclaring math symbol \daleth on input line 244.
LaTeX Font Info:    Redeclaring math symbol \lessdot on input line 245.
LaTeX Font Info:    Redeclaring math symbol \gtrdot on input line 246.
LaTeX Font Info:    Redeclaring math symbol \ltimes on input line 247.
LaTeX Font Info:    Redeclaring math symbol \rtimes on input line 248.
LaTeX Font Info:    Redeclaring math symbol \shortmid on input line 249.
LaTeX Font Info:    Redeclaring math symbol \shortparallel on input line 250.
LaTeX Font Info:    Redeclaring math symbol \smallsetminus on input line 251.
LaTeX Font Info:    Redeclaring math symbol \thicksim on input line 252.
LaTeX Font Info:    Redeclaring math symbol \thickapprox on input line 253.
LaTeX Font Info:    Redeclaring math symbol \approxeq on input line 254.
LaTeX Font Info:    Redeclaring math symbol \succapprox on input line 255.
LaTeX Font Info:    Redeclaring math symbol \precapprox on input line 256.
LaTeX Font Info:    Redeclaring math symbol \curvearrowleft on input line 257.
LaTeX Font Info:    Redeclaring math symbol \curvearrowright on input line 258.

LaTeX Font Info:    Redeclaring math symbol \digamma on input line 259.
LaTeX Font Info:    Redeclaring math symbol \varkappa on input line 260.
LaTeX Font Info:    Redeclaring math symbol \Bbbk on input line 261.
LaTeX Font Info:    Redeclaring math symbol \hslash on input line 262.
LaTeX Font Info:    Redeclaring math symbol \backepsilon on input line 265.
)
("C:\Program Files\MiKTeX 2.9\tex\latex\amscls\amsthm.sty"
Package: amsthm 2004/08/06 v2.20
\thm@style=\toks19
\thm@bodyfont=\toks20
\thm@headfont=\toks21
\thm@notefont=\toks22
\thm@headpunct=\toks23
\thm@preskip=\skip47
\thm@postskip=\skip48
\thm@headsep=\skip49
\dth@everypar=\toks24
LaTeX Info: Redefining \qed on input line 283.
LaTeX Info: Redefining \textsquare on input line 431.
)
("C:\Program Files\MiKTeX 2.9\tex\latex\mwe\mwe.sty"
Package: mwe 2012/05/15 v0.3 Package to support minimal working examples (MWE)

("C:\Program Files\MiKTeX 2.9\tex\latex\lipsum\lipsum.sty"
Package: lipsum 2014/07/27 v1.3 150 paragraphs of Lorem Ipsum dummy text
\c@lips@count=\count98
)
("C:\Program Files\MiKTeX 2.9\tex\latex\blindtext\blindtext.sty"
Package: blindtext 2012/01/06 V2.0 blindtext-Package

("C:\Program Files\MiKTeX 2.9\tex\latex\tools\xspace.sty"
Package: xspace 2009/10/20 v1.13 Space after command names (DPC,MH)
)
\c@blindtext=\count99
\c@Blindtext=\count100
\c@blind@countparstart=\count101
\blind@countxx=\count102
\blindtext@numBlindtext=\count103
\blind@countyy=\count104
\c@blindlist=\count105
\c@blindlistlevel=\count106
\c@blindlist@level=\count107
\blind@listitem=\count108
\c@blind@listcount=\count109
\c@blind@levelcount=\count110
\blind@mathformula=\count111
\blind@Mathformula=\count112
\c@blind@randomcount=\count113
\c@blind@randommax=\count114
\c@blind@pangramcount=\count115
\c@blind@pangrammax=\count116
))
("C:\Program Files\MiKTeX 2.9\tex\latex\subfig\subfig.sty"
Package: subfig 2005/06/28 ver: 1.3 subfig package

("C:\Program Files\MiKTeX 2.9\tex\latex\caption\caption.sty"
Package: caption 2013/05/02 v3.3-89 Customizing captions (AR)

("C:\Program Files\MiKTeX 2.9\tex\latex\caption\caption3.sty"
Package: caption3 2013/05/02 v1.6-88 caption3 kernel (AR)
Package caption3 Info: TeX engine: e-TeX on input line 57.
\captionmargin=\dimen118
\captionmargin@=\dimen119
\captionwidth=\dimen120
\caption@tempdima=\dimen121
\caption@indent=\dimen122
\caption@parindent=\dimen123
\caption@hangindent=\dimen124
)
\c@ContinuedFloat=\count117
)
\c@KVtest=\count118
\sf@farskip=\skip50
\sf@captopadj=\dimen125
\sf@capskip=\skip51
\sf@nearskip=\skip52
\c@subfigure=\count119
\c@subfigure@save=\count120
\c@lofdepth=\count121
\c@subtable=\count122
\c@subtable@save=\count123
\c@lotdepth=\count124
\sf@top=\skip53
\sf@bottom=\skip54
)
("C:\Program Files\MiKTeX 2.9\tex\latex\float\float.sty"
Package: float 2001/11/08 v1.3d Float enhancements (AL)
\c@float@type=\count125
\float@exts=\toks25
\float@box=\box30
\@float@everytoks=\toks26
\@floatcapt=\box31
)
("C:\Program Files\MiKTeX 2.9\tex\latex\subfloat\subfloat.sty"
Package: subfloat 2003/08/21 version 2.14

Package `subfloat', Version 2.14 of 2003/08/21.

Package subfloat Warning: Numbers of floats not counted:
(subfloat)                If you use one of the counters subfloatfiguremax or
(subfloat)                subfloattablemax you will get strange error messages
(subfloat)                containing \c@subfloatfiguremax or
(subfloat)                \c@subfloattablemax:
(subfloat)                Please switch on countmax or remove the code using
(subfloat)                the counter then..

) ("C:\Program Files\MiKTeX 2.9\tex\latex\mathtools\mathtools.sty"
Package: mathtools 2014/07/16 v1.15 mathematical typesetting tools

("C:\Program Files\MiKTeX 2.9\tex\latex\tools\calc.sty"
Package: calc 2007/08/22 v4.3 Infix arithmetic (KKT,FJ)
\calc@Acount=\count126
\calc@Bcount=\count127
\calc@Adimen=\dimen126
\calc@Bdimen=\dimen127
\calc@Askip=\skip55
\calc@Bskip=\skip56
LaTeX Info: Redefining \setlength on input line 76.
LaTeX Info: Redefining \addtolength on input line 77.
\calc@Ccount=\count128
\calc@Cskip=\skip57
)
("C:\Program Files\MiKTeX 2.9\tex\latex\mathtools\mhsetup.sty"
Package: mhsetup 2010/01/21 v1.2a programming setup (MH)
)
("C:\Program Files\MiKTeX 2.9\tex\latex\amsmath\amsmath.sty"
Package: amsmath 2013/01/14 v2.14 AMS math features
\@mathmargin=\skip58

For additional information on amsmath, use the `?' option.
("C:\Program Files\MiKTeX 2.9\tex\latex\amsmath\amstext.sty"
Package: amstext 2000/06/29 v2.01

("C:\Program Files\MiKTeX 2.9\tex\latex\amsmath\amsgen.sty"
File: amsgen.sty 1999/11/30 v2.0
\@emptytoks=\toks27
\ex@=\dimen128
))
("C:\Program Files\MiKTeX 2.9\tex\latex\amsmath\amsbsy.sty"
Package: amsbsy 1999/11/29 v1.2d
\pmbraise@=\dimen129
)
("C:\Program Files\MiKTeX 2.9\tex\latex\amsmath\amsopn.sty"
Package: amsopn 1999/12/14 v2.01 operator names
)
\inf@bad=\count129
LaTeX Info: Redefining \frac on input line 210.
\uproot@=\count130
\leftroot@=\count131
LaTeX Info: Redefining \overline on input line 306.
\classnum@=\count132
\DOTSCASE@=\count133
LaTeX Info: Redefining \ldots on input line 378.
LaTeX Info: Redefining \dots on input line 381.
LaTeX Info: Redefining \cdots on input line 466.
\Mathstrutbox@=\box32
\strutbox@=\box33
\big@size=\dimen130
LaTeX Font Info:    Redeclaring font encoding OML on input line 566.
LaTeX Font Info:    Redeclaring font encoding OMS on input line 567.
\macc@depth=\count134
\c@MaxMatrixCols=\count135
\dotsspace@=\muskip10
\c@parentequation=\count136
\dspbrk@lvl=\count137
\tag@help=\toks28
\row@=\count138
\column@=\count139
\maxfields@=\count140
\andhelp@=\toks29
\eqnshift@=\dimen131
\alignsep@=\dimen132
\tagshift@=\dimen133
\tagwidth@=\dimen134
\totwidth@=\dimen135
\lineht@=\dimen136
\@envbody=\toks30
\multlinegap=\skip59
\multlinetaggap=\skip60
\mathdisplay@stack=\toks31
LaTeX Info: Redefining \[ on input line 2665.
LaTeX Info: Redefining \] on input line 2666.
)
LaTeX Info: Thecontrolsequence`\['isalreadyrobust on input line 129.
LaTeX Info: Thecontrolsequence`\]'isalreadyrobust on input line 129.
\g_MT_multlinerow_int=\count141
\l_MT_multwidth_dim=\dimen137
\origjot=\skip61
\l_MT_shortvdotswithinadjustabove_dim=\dimen138
\l_MT_shortvdotswithinadjustbelow_dim=\dimen139
\l_MT_above_intertext_sep=\dimen140
\l_MT_below_intertext_sep=\dimen141
\l_MT_above_shortintertext_sep=\dimen142
\l_MT_below_shortintertext_sep=\dimen143
)
("C:\Program Files\MiKTeX 2.9\tex\latex\tools\tabularx.sty"
Package: tabularx 1999/01/07 v2.07 `tabularx' package (DPC)

("C:\Program Files\MiKTeX 2.9\tex\latex\tools\array.sty"
Package: array 2008/09/09 v2.4c Tabular extension package (FMi)
\col@sep=\dimen144
\extrarowheight=\dimen145
\NC@list=\toks32
\extratabsurround=\skip62
\backup@length=\skip63
)
\TX@col@width=\dimen146
\TX@old@table=\dimen147
\TX@old@col=\dimen148
\TX@target=\dimen149
\TX@delta=\dimen150
\TX@cols=\count142
\TX@ftn=\toks33
)
("C:\Program Files\MiKTeX 2.9\tex\latex\colortbl\colortbl.sty"
Package: colortbl 2012/02/13 v1.0a Color table columns (DPC)

("C:\Program Files\MiKTeX 2.9\tex\latex\graphics\color.sty"
Package: color 2005/11/14 v1.0j Standard LaTeX Color (DPC)

("C:\Program Files\MiKTeX 2.9\tex\latex\00miktex\color.cfg"
File: color.cfg 2007/01/18 v1.5 color configuration of teTeX/TeXLive
)
Package color Info: Driver file: pdftex.def on input line 130.
)
\everycr=\toks34
\minrowclearance=\skip64
)
("C:\Program Files\MiKTeX 2.9\tex\latex\tools\hhline.sty"
Package: hhline 1994/05/23 v2.03 Table rule package (DPC)
)
("C:\Program Files\MiKTeX 2.9\tex\latex\lineno\lineno.sty"
Package: lineno 2005/11/02 line numbers on paragraphs v4.41
\linenopenalty=\count143
\output=\toks35
\linenoprevgraf=\count144
\linenumbersep=\dimen151
\linenumberwidth=\dimen152
\c@linenumber=\count145
\c@pagewiselinenumber=\count146
\c@LN@truepage=\count147
\c@internallinenumber=\count148
\c@internallinenumbers=\count149
\quotelinenumbersep=\dimen153
\bframerule=\dimen154
\bframesep=\dimen155
\bframebox=\box34
LaTeX Info: Redefining \\ on input line 3056.
)
("C:\Program Files\MiKTeX 2.9\tex\latex\hyperref\hyperref.sty"
Package: hyperref 2012/11/06 v6.83m Hypertext links for LaTeX

("C:\Program Files\MiKTeX 2.9\tex\generic\oberdiek\hobsub-hyperref.sty"
Package: hobsub-hyperref 2012/04/25 v1.12 Bundle oberdiek, subset hyperref (HO)


("C:\Program Files\MiKTeX 2.9\tex\generic\oberdiek\hobsub-generic.sty"
Package: hobsub-generic 2012/04/25 v1.12 Bundle oberdiek, subset generic (HO)
Package: hobsub 2012/04/25 v1.12 Construct package bundles (HO)
Package hobsub Info: Skipping package `infwarerr' (already loaded).
Package hobsub Info: Skipping package `ltxcmds' (already loaded).
Package: ifluatex 2010/03/01 v1.3 Provides the ifluatex switch (HO)
Package ifluatex Info: LuaTeX not detected.
Package hobsub Info: Skipping package `ifvtex' (already loaded).
Package: intcalc 2007/09/27 v1.1 Expandable calculations with integers (HO)
Package hobsub Info: Skipping package `ifpdf' (already loaded).
Package: etexcmds 2011/02/16 v1.5 Avoid name clashes with e-TeX commands (HO)
Package etexcmds Info: Could not find \expanded.
(etexcmds)             That can mean that you are not using pdfTeX 1.50 or
(etexcmds)             that some package has redefined \expanded.
(etexcmds)             In the latter case, load this package earlier.
Package: kvsetkeys 2012/04/25 v1.16 Key value parser (HO)
Package: kvdefinekeys 2011/04/07 v1.3 Define keys (HO)
Package: pdftexcmds 2011/11/29 v0.20 Utility functions of pdfTeX for LuaTeX (HO
)
Package pdftexcmds Info: LuaTeX not detected.
Package pdftexcmds Info: \pdf@primitive is available.
Package pdftexcmds Info: \pdf@ifprimitive is available.
Package pdftexcmds Info: \pdfdraftmode found.
Package: pdfescape 2011/11/25 v1.13 Implements pdfTeX's escape features (HO)
Package: bigintcalc 2012/04/08 v1.3 Expandable calculations on big integers (HO
)
Package: bitset 2011/01/30 v1.1 Handle bit-vector datatype (HO)
Package: uniquecounter 2011/01/30 v1.2 Provide unlimited unique counter (HO)
)
Package hobsub Info: Skipping package `hobsub' (already loaded).
Package: letltxmacro 2010/09/02 v1.4 Let assignment for LaTeX macros (HO)
Package: hopatch 2011/06/24 v1.1 Wrapper for package hooks (HO)
Package: xcolor-patch 2011/01/30 xcolor patch
Package: atveryend 2011/06/30 v1.8 Hooks at the very end of document (HO)
Package atveryend Info: \enddocument detected (standard20110627).
Package: atbegshi 2011/10/05 v1.16 At begin shipout hook (HO)
Package: refcount 2011/10/16 v3.4 Data extraction from label references (HO)
Package: hycolor 2011/01/30 v1.7 Color options for hyperref/bookmark (HO)
)
("C:\Program Files\MiKTeX 2.9\tex\latex\oberdiek\auxhook.sty"
Package: auxhook 2011/03/04 v1.3 Hooks for auxiliary files (HO)
)
("C:\Program Files\MiKTeX 2.9\tex\latex\oberdiek\kvoptions.sty"
Package: kvoptions 2011/06/30 v3.11 Key value format for package options (HO)
)
\@linkdim=\dimen156
\Hy@linkcounter=\count150
\Hy@pagecounter=\count151

("C:\Program Files\MiKTeX 2.9\tex\latex\hyperref\pd1enc.def"
File: pd1enc.def 2012/11/06 v6.83m Hyperref: PDFDocEncoding definition (HO)
)
\Hy@SavedSpaceFactor=\count152

("C:\Program Files\MiKTeX 2.9\tex\latex\00miktex\hyperref.cfg"
File: hyperref.cfg 2002/06/06 v1.2 hyperref configuration of TeXLive
)
Package hyperref Info: Option `final' set `true' on input line 4319.
Package hyperref Info: Hyper figures OFF on input line 4443.
Package hyperref Info: Link nesting OFF on input line 4448.
Package hyperref Info: Hyper index ON on input line 4451.
Package hyperref Info: Plain pages OFF on input line 4458.
Package hyperref Info: Backreferencing OFF on input line 4463.
Package hyperref Info: Implicit mode ON; LaTeX internals redefined.
Package hyperref Info: Bookmarks ON on input line 4688.
\c@Hy@tempcnt=\count153

("C:\Program Files\MiKTeX 2.9\tex\latex\url\url.sty"
\Urlmuskip=\muskip11
Package: url 2013/09/16  ver 3.4  Verb mode for urls, etc.
)
LaTeX Info: Redefining \url on input line 5041.
\XeTeXLinkMargin=\dimen157
\Fld@menulength=\count154
\Field@Width=\dimen158
\Fld@charsize=\dimen159
Package hyperref Info: Hyper figures OFF on input line 6295.
Package hyperref Info: Link nesting OFF on input line 6300.
Package hyperref Info: Hyper index ON on input line 6303.
Package hyperref Info: backreferencing OFF on input line 6310.
Package hyperref Info: Link coloring OFF on input line 6315.
Package hyperref Info: Link coloring with OCG OFF on input line 6320.
Package hyperref Info: PDF/A mode OFF on input line 6325.
LaTeX Info: Redefining \ref on input line 6365.
LaTeX Info: Redefining \pageref on input line 6369.
\Hy@abspage=\count155
\c@Item=\count156
\c@Hfootnote=\count157
)

Package hyperref Message: Driver (autodetected): hpdftex.

("C:\Program Files\MiKTeX 2.9\tex\latex\hyperref\hpdftex.def"
File: hpdftex.def 2012/11/06 v6.83m Hyperref driver for pdfTeX
\Fld@listcount=\count158
\c@bookmark@seq@number=\count159

("C:\Program Files\MiKTeX 2.9\tex\latex\oberdiek\rerunfilecheck.sty"
Package: rerunfilecheck 2011/04/15 v1.7 Rerun checks for auxiliary files (HO)
Package uniquecounter Info: New unique counter `rerunfilecheck' on input line 2
82.
)
\Hy@SectionHShift=\skip65
)
(F:\Dropbox\GITHUB\Journal\LaTeX\elsarticle-chien.aux)
LaTeX Font Info:    Checking defaults for OML/txmi/m/it on input line 67.
LaTeX Font Info:    Try loading font information for OML+txmi on input line 67.


("C:\Program Files\MiKTeX 2.9\tex\latex\txfonts\omltxmi.fd"
File: omltxmi.fd 2000/12/15 v3.1
)
LaTeX Font Info:    ... okay on input line 67.
LaTeX Font Info:    Checking defaults for T1/cmr/m/n on input line 67.
LaTeX Font Info:    ... okay on input line 67.
LaTeX Font Info:    Checking defaults for OT1/cmr/m/n on input line 67.
LaTeX Font Info:    ... okay on input line 67.
LaTeX Font Info:    Checking defaults for OMS/txsy/m/n on input line 67.
LaTeX Font Info:    Try loading font information for OMS+txsy on input line 67.


("C:\Program Files\MiKTeX 2.9\tex\latex\txfonts\omstxsy.fd"
File: omstxsy.fd 2000/12/15 v3.1
)
LaTeX Font Info:    ... okay on input line 67.
LaTeX Font Info:    Checking defaults for OMX/txex/m/n on input line 67.
LaTeX Font Info:    Try loading font information for OMX+txex on input line 67.


("C:\Program Files\MiKTeX 2.9\tex\latex\txfonts\omxtxex.fd"
File: omxtxex.fd 2000/12/15 v3.1
)
LaTeX Font Info:    ... okay on input line 67.
LaTeX Font Info:    Checking defaults for U/txexa/m/n on input line 67.
LaTeX Font Info:    Try loading font information for U+txexa on input line 67.

("C:\Program Files\MiKTeX 2.9\tex\latex\txfonts\utxexa.fd"
File: utxexa.fd 2000/12/15 v3.1
)
LaTeX Font Info:    ... okay on input line 67.
LaTeX Font Info:    Checking defaults for PD1/pdf/m/n on input line 67.
LaTeX Font Info:    ... okay on input line 67.
LaTeX Font Info:    Try loading font information for OT1+txr on input line 67.

("C:\Program Files\MiKTeX 2.9\tex\latex\txfonts\ot1txr.fd"
File: ot1txr.fd 2000/12/15 v3.1
)
("C:\Program Files\MiKTeX 2.9\tex\context\base\supp-pdf.mkii"
[Loading MPS to PDF converter (version 2006.09.02).]
\scratchcounter=\count160
\scratchdimen=\dimen160
\scratchbox=\box35
\nofMPsegments=\count161
\nofMParguments=\count162
\everyMPshowfont=\toks36
\MPscratchCnt=\count163
\MPscratchDim=\dimen161
\MPnumerator=\count164
\makeMPintoPDFobject=\count165
\everyMPtoPDFconversion=\toks37
)
*geometry* driver: auto-detecting
*geometry* detected driver: pdftex
*geometry* verbose mode - [ preamble ] result:
* driver: pdftex
* paper: custom
* layout: <same size as paper>
* layoutoffset:(h,v)=(0.0pt,0.0pt)
* hratio: 1:1
* vratio: 1:1
* modes: 
* h-part:(L,W,R)=(64.75394pt, 468.0pt, 64.75394pt)
* v-part:(T,H,B)=(111.52342pt, 622.0pt, 111.52342pt)
* \paperwidth=597.50787pt
* \paperheight=845.04684pt
* \textwidth=468.0pt
* \textheight=622.0pt
* \oddsidemargin=-7.51605pt
* \evensidemargin=-7.51605pt
* \topmargin=-22.74657pt
* \headheight=50.0pt
* \headsep=12.0pt
* \topskip=10.0pt
* \footskip=18.0pt
* \marginparwidth=4.0pt
* \marginparsep=10.0pt
* \columnsep=24.0pt
* \skip\footins=24.0pt plus 2.0pt minus 12.0pt
* \hoffset=0.0pt
* \voffset=0.0pt
* \mag=1000
* \@twocolumntrue
* \@twosidefalse
* \@mparswitchfalse
* \@reversemarginfalse
* (1in=72.27pt=25.4mm, 1cm=28.453pt)

Package caption Info: Begin \AtBeginDocument code.
Package caption Info: subfig package v1.3 is loaded.
Package caption Info: float package is loaded.
Package caption Info: hyperref package is loaded.
Package caption Info: End \AtBeginDocument code.
\AtBeginShipoutBox=\box36
Package hyperref Info: Link coloring OFF on input line 67.
("C:\Program Files\MiKTeX 2.9\tex\latex\hyperref\nameref.sty"
Package: nameref 2012/10/27 v2.43 Cross-referencing by name of section

("C:\Program Files\MiKTeX 2.9\tex\generic\oberdiek\gettitlestring.sty"
Package: gettitlestring 2010/12/03 v1.4 Cleanup title references (HO)
)
\c@section@level=\count166
)
LaTeX Info: Redefining \ref on input line 67.
LaTeX Info: Redefining \pageref on input line 67.
LaTeX Info: Redefining \nameref on input line 67.

(F:\Dropbox\GITHUB\Journal\LaTeX\elsarticle-chien.out)
(F:\Dropbox\GITHUB\Journal\LaTeX\elsarticle-chien.out)
\@outlinefile=\write4
LaTeX Font Info:    Try loading font information for U+txmia on input line 110.


("C:\Program Files\MiKTeX 2.9\tex\latex\txfonts\utxmia.fd"
File: utxmia.fd 2000/12/15 v3.1
)
LaTeX Font Info:    Try loading font information for U+msa on input line 110.

("C:\Program Files\MiKTeX 2.9\tex\latex\amsfonts\umsa.fd"
File: umsa.fd 2013/01/14 v3.01 AMS symbols A
)
LaTeX Font Info:    Try loading font information for U+msb on input line 110.

("C:\Program Files\MiKTeX 2.9\tex\latex\amsfonts\umsb.fd"
File: umsb.fd 2013/01/14 v3.01 AMS symbols B
)
LaTeX Font Info:    Try loading font information for U+txsyc on input line 110.


("C:\Program Files\MiKTeX 2.9\tex\latex\txfonts\utxsyc.fd"
File: utxsyc.fd 2000/12/15 v3.1
)
LaTeX Font Info:    Try loading font information for OT1+txss on input line 114
.

("C:\Program Files\MiKTeX 2.9\tex\latex\txfonts\ot1txss.fd"
File: ot1txss.fd 2000/12/15 v3.1
)
LaTeX Font Info:    Font shape `OT1/txss/m/n' will be
(Font)              scaled to size 4.74998pt on input line 114.

<Figures/Figure_Hammer3D.pdf, id=89, 1195.46625pt x 1138.2525pt>
File: Figures/Figure_Hammer3D.pdf Graphic file (type pdf)

<use Figures/Figure_Hammer3D.pdf>
Package pdftex.def Info: Figures/Figure_Hammer3D.pdf used on input line 150.
(pdftex.def)             Requested size: 187.19714pt x 178.23361pt.

<Figures/Figure_ComparisonPlanes.pdf, id=90, 549.05125pt x 397.485pt>
File: Figures/Figure_ComparisonPlanes.pdf Graphic file (type pdf)

<use Figures/Figure_ComparisonPlanes.pdf>
Package pdftex.def Info: Figures/Figure_ComparisonPlanes.pdf used on input line
 150.
(pdftex.def)             Requested size: 187.19714pt x 135.51915pt.

<Figures/Figure_ForwardPunch3D.pdf, id=91, 1195.46625pt x 1138.2525pt>
File: Figures/Figure_ForwardPunch3D.pdf Graphic file (type pdf)

<use Figures/Figure_ForwardPunch3D.pdf>
Package pdftex.def Info: Figures/Figure_ForwardPunch3D.pdf used on input line 1
50.
(pdftex.def)             Requested size: 187.19714pt x 178.23361pt.

Underfull \vbox (badness 10000) has occurred while \output is active []

 [1{C:/ProgramData/MiKTeX/2.9/pdftex/config/pdftex.map}


]
Underfull \vbox (badness 10000) has occurred while \output is active []

 [2 <F:/Dropbox/GITHUB/Journal/LaTeX/Figures/Figure_Hammer3D.pdf, page is rotat
ed 180 degrees> <F:/Dropbox/GITHUB/Journal/LaTeX/Figures/Figure_ComparisonPlane
s.pdf> <F:/Dropbox/GITHUB/Journal/LaTeX/Figures/Figure_ForwardPunch3D.pdf, page
 is rotated 180 degrees>]
Underfull \vbox (badness 10000) has occurred while \output is active []


Underfull \vbox (badness 10000) has occurred while \output is active []

 [3]
<Figures/Framework3D.pdf, id=224, 512.91624pt x 556.0775pt>
File: Figures/Framework3D.pdf Graphic file (type pdf)

<use Figures/Framework3D.pdf>
Package pdftex.def Info: Figures/Framework3D.pdf used on input line 219.
(pdftex.def)             Requested size: 351.0pt x 380.53745pt.

Underfull \hbox (badness 1158) in paragraph at lines 263--266
\OT1/txr/m/n/10 with the state-of-the-art meth-ods for hu-man ac-tion
 []

<Figures/Figure_PointProjection.pdf, id=230, 289.08pt x 230.8625pt>
File: Figures/Figure_PointProjection.pdf Graphic file (type pdf)

<use Figures/Figure_PointProjection.pdf>
Package pdftex.def Info: Figures/Figure_PointProjection.pdf used on input line 
278.
(pdftex.def)             Requested size: 219.96057pt x 175.66162pt.


LaTeX Warning: `h' float specifier changed to `ht'.

[4]
Underfull \vbox (badness 1688) has occurred while \output is active []


Underfull \hbox (badness 10000) in paragraph at lines 305--307
\OT1/txr/m/n/10 So, given a set of 3D points $\OMS/txsy/m/n/10 S\OT1/txr/m/n/10
 (\OML/txmi/m/it/10 t\OT1/txr/m/n/10 ) =$
 []


Underfull \hbox (badness 3735) in paragraph at lines 305--307
$\OMS/txsy/m/n/10 f\OT1/txr/m/n/10 (\OML/txmi/m/it/10 x[]; y[]; z[]\OT1/txr/m/n
/10 )\OMS/txsy/m/n/10 j\OT1/txr/m/n/10 (\OML/txmi/m/it/10 x[]; y[]; z[]\OT1/txr
/m/n/10 ) \OMS/txsy/m/n/10 2 \OML/txmi/m/it/10 t\OMS/txsy/m/n/10 g$\OT1/txr/m/n
/10 , we have a pro-jec-tion
 []

[5 <F:/Dropbox/GITHUB/Journal/LaTeX/Figures/Framework3D.pdf, page is rotated 90
 degrees>]

pdfTeX warning: pdflatex.exe (file F:/Dropbox/GITHUB/Journal/LaTeX/Figures/MSRA
ction3D_higharmwave.pdf): PDF inclusion: found PDF version <1.7>, but at most v
ersion <1.5> allowed
<Figures/MSRAction3D_higharmwave.pdf, id=336, 321.2pt x 240.9pt>
File: Figures/MSRAction3D_higharmwave.pdf Graphic file (type pdf)

<use Figures/MSRAction3D_higharmwave.pdf>
Package pdftex.def Info: Figures/MSRAction3D_higharmwave.pdf used on input line
 382.
(pdftex.def)             Requested size: 88.79865pt x 66.59874pt.


pdfTeX warning: pdflatex.exe (file F:/Dropbox/GITHUB/Journal/LaTeX/Figures/MSRA
ction3D_horizontalarmwave.pdf): PDF inclusion: found PDF version <1.7>, but at 
most version <1.5> allowed
<Figures/MSRAction3D_horizontalarmwave.pdf, id=337, 321.2pt x 240.9pt>
File: Figures/MSRAction3D_horizontalarmwave.pdf Graphic file (type pdf)

<use Figures/MSRAction3D_horizontalarmwave.pdf>
Package pdftex.def Info: Figures/MSRAction3D_horizontalarmwave.pdf used on inpu
t line 382.
(pdftex.def)             Requested size: 88.79865pt x 66.59874pt.


pdfTeX warning: pdflatex.exe (file F:/Dropbox/GITHUB/Journal/LaTeX/Figures/MSRA
ction3D_hammer.pdf): PDF inclusion: found PDF version <1.7>, but at most versio
n <1.5> allowed
<Figures/MSRAction3D_hammer.pdf, id=338, 321.2pt x 240.9pt>
File: Figures/MSRAction3D_hammer.pdf Graphic file (type pdf)

<use Figures/MSRAction3D_hammer.pdf>
Package pdftex.def Info: Figures/MSRAction3D_hammer.pdf used on input line 382.

(pdftex.def)             Requested size: 88.79865pt x 66.59874pt.


pdfTeX warning: pdflatex.exe (file F:/Dropbox/GITHUB/Journal/LaTeX/Figures/MSRA
ction3D_handcatch.pdf): PDF inclusion: found PDF version <1.7>, but at most ver
sion <1.5> allowed
<Figures/MSRAction3D_handcatch.pdf, id=339, 321.2pt x 240.9pt>
File: Figures/MSRAction3D_handcatch.pdf Graphic file (type pdf)

<use Figures/MSRAction3D_handcatch.pdf>
Package pdftex.def Info: Figures/MSRAction3D_handcatch.pdf used on input line 3
82.
(pdftex.def)             Requested size: 88.79865pt x 66.59874pt.


pdfTeX warning: pdflatex.exe (file F:/Dropbox/GITHUB/Journal/LaTeX/Figures/MSRA
ction3D_forwardpunch.pdf): PDF inclusion: found PDF version <1.7>, but at most 
version <1.5> allowed
<Figures/MSRAction3D_forwardpunch.pdf, id=340, 321.2pt x 240.9pt>
File: Figures/MSRAction3D_forwardpunch.pdf Graphic file (type pdf)

<use Figures/MSRAction3D_forwardpunch.pdf>
Package pdftex.def Info: Figures/MSRAction3D_forwardpunch.pdf used on input lin
e 382.
(pdftex.def)             Requested size: 88.79865pt x 66.59874pt.


pdfTeX warning: pdflatex.exe (file F:/Dropbox/GITHUB/Journal/LaTeX/Figures/MSRA
ction3D_highthrow.pdf): PDF inclusion: found PDF version <1.7>, but at most ver
sion <1.5> allowed
<Figures/MSRAction3D_highthrow.pdf, id=341, 321.2pt x 240.9pt>
File: Figures/MSRAction3D_highthrow.pdf Graphic file (type pdf)

<use Figures/MSRAction3D_highthrow.pdf>
Package pdftex.def Info: Figures/MSRAction3D_highthrow.pdf used on input line 3
82.
(pdftex.def)             Requested size: 88.79865pt x 66.59874pt.


pdfTeX warning: pdflatex.exe (file F:/Dropbox/GITHUB/Journal/LaTeX/Figures/MSRA
ction3D_drawx.pdf): PDF inclusion: found PDF version <1.7>, but at most version
 <1.5> allowed
<Figures/MSRAction3D_drawx.pdf, id=342, 321.2pt x 240.9pt>
File: Figures/MSRAction3D_drawx.pdf Graphic file (type pdf)

<use Figures/MSRAction3D_drawx.pdf>
Package pdftex.def Info: Figures/MSRAction3D_drawx.pdf used on input line 382.
(pdftex.def)             Requested size: 88.79865pt x 66.59874pt.


pdfTeX warning: pdflatex.exe (file F:/Dropbox/GITHUB/Journal/LaTeX/Figures/MSRA
ction3D_drawtick.pdf): PDF inclusion: found PDF version <1.7>, but at most vers
ion <1.5> allowed
<Figures/MSRAction3D_drawtick.pdf, id=343, 321.2pt x 240.9pt>
File: Figures/MSRAction3D_drawtick.pdf Graphic file (type pdf)

<use Figures/MSRAction3D_drawtick.pdf>
Package pdftex.def Info: Figures/MSRAction3D_drawtick.pdf used on input line 38
2.
(pdftex.def)             Requested size: 88.79865pt x 66.59874pt.


pdfTeX warning: pdflatex.exe (file F:/Dropbox/GITHUB/Journal/LaTeX/Figures/MSRA
ction3D_drawcircle.pdf): PDF inclusion: found PDF version <1.7>, but at most ve
rsion <1.5> allowed
<Figures/MSRAction3D_drawcircle.pdf, id=344, 321.2pt x 240.9pt>
File: Figures/MSRAction3D_drawcircle.pdf Graphic file (type pdf)

<use Figures/MSRAction3D_drawcircle.pdf>
Package pdftex.def Info: Figures/MSRAction3D_drawcircle.pdf used on input line 
382.
(pdftex.def)             Requested size: 88.79865pt x 66.59874pt.


pdfTeX warning: pdflatex.exe (file F:/Dropbox/GITHUB/Journal/LaTeX/Figures/MSRA
ction3D_handclap.pdf): PDF inclusion: found PDF version <1.7>, but at most vers
ion <1.5> allowed
<Figures/MSRAction3D_handclap.pdf, id=345, 321.2pt x 240.9pt>
File: Figures/MSRAction3D_handclap.pdf Graphic file (type pdf)

<use Figures/MSRAction3D_handclap.pdf>
Package pdftex.def Info: Figures/MSRAction3D_handclap.pdf used on input line 38
2.
(pdftex.def)             Requested size: 88.79865pt x 66.59874pt.


pdfTeX warning: pdflatex.exe (file F:/Dropbox/GITHUB/Journal/LaTeX/Figures/MSRA
ction3D_twohandwave.pdf): PDF inclusion: found PDF version <1.7>, but at most v
ersion <1.5> allowed
<Figures/MSRAction3D_twohandwave.pdf, id=346, 321.2pt x 240.9pt>
File: Figures/MSRAction3D_twohandwave.pdf Graphic file (type pdf)

<use Figures/MSRAction3D_twohandwave.pdf>
Package pdftex.def Info: Figures/MSRAction3D_twohandwave.pdf used on input line
 382.
(pdftex.def)             Requested size: 88.79865pt x 66.59874pt.


pdfTeX warning: pdflatex.exe (file F:/Dropbox/GITHUB/Journal/LaTeX/Figures/MSRA
ction3D_sideboxing.pdf): PDF inclusion: found PDF version <1.7>, but at most ve
rsion <1.5> allowed
<Figures/MSRAction3D_sideboxing.pdf, id=347, 321.2pt x 240.9pt>
File: Figures/MSRAction3D_sideboxing.pdf Graphic file (type pdf)

<use Figures/MSRAction3D_sideboxing.pdf>
Package pdftex.def Info: Figures/MSRAction3D_sideboxing.pdf used on input line 
382.
(pdftex.def)             Requested size: 88.79865pt x 66.59874pt.


pdfTeX warning: pdflatex.exe (file F:/Dropbox/GITHUB/Journal/LaTeX/Figures/MSRA
ction3D_bend.pdf): PDF inclusion: found PDF version <1.7>, but at most version 
<1.5> allowed
<Figures/MSRAction3D_bend.pdf, id=348, 321.2pt x 240.9pt>
File: Figures/MSRAction3D_bend.pdf Graphic file (type pdf)

<use Figures/MSRAction3D_bend.pdf>
Package pdftex.def Info: Figures/MSRAction3D_bend.pdf used on input line 382.
(pdftex.def)             Requested size: 88.79865pt x 66.59874pt.


pdfTeX warning: pdflatex.exe (file F:/Dropbox/GITHUB/Journal/LaTeX/Figures/MSRA
ction3D_forwardkick.pdf): PDF inclusion: found PDF version <1.7>, but at most v
ersion <1.5> allowed
<Figures/MSRAction3D_forwardkick.pdf, id=349, 321.2pt x 240.9pt>
File: Figures/MSRAction3D_forwardkick.pdf Graphic file (type pdf)

<use Figures/MSRAction3D_forwardkick.pdf>
Package pdftex.def Info: Figures/MSRAction3D_forwardkick.pdf used on input line
 382.
(pdftex.def)             Requested size: 88.79865pt x 66.59874pt.


pdfTeX warning: pdflatex.exe (file F:/Dropbox/GITHUB/Journal/LaTeX/Figures/MSRA
ction3D_sidekick.pdf): PDF inclusion: found PDF version <1.7>, but at most vers
ion <1.5> allowed
<Figures/MSRAction3D_sidekick.pdf, id=350, 321.2pt x 240.9pt>
File: Figures/MSRAction3D_sidekick.pdf Graphic file (type pdf)

<use Figures/MSRAction3D_sidekick.pdf>
Package pdftex.def Info: Figures/MSRAction3D_sidekick.pdf used on input line 38
2.
(pdftex.def)             Requested size: 88.79865pt x 66.59874pt.


pdfTeX warning: pdflatex.exe (file F:/Dropbox/GITHUB/Journal/LaTeX/Figures/MSRA
ction3D_jogging.pdf): PDF inclusion: found PDF version <1.7>, but at most versi
on <1.5> allowed
<Figures/MSRAction3D_jogging.pdf, id=351, 321.2pt x 240.9pt>
File: Figures/MSRAction3D_jogging.pdf Graphic file (type pdf)

<use Figures/MSRAction3D_jogging.pdf>
Package pdftex.def Info: Figures/MSRAction3D_jogging.pdf used on input line 382
.
(pdftex.def)             Requested size: 88.79865pt x 66.59874pt.


pdfTeX warning: pdflatex.exe (file F:/Dropbox/GITHUB/Journal/LaTeX/Figures/MSRA
ction3D_tennisswing.pdf): PDF inclusion: found PDF version <1.7>, but at most v
ersion <1.5> allowed
<Figures/MSRAction3D_tennisswing.pdf, id=352, 321.2pt x 240.9pt>
File: Figures/MSRAction3D_tennisswing.pdf Graphic file (type pdf)

<use Figures/MSRAction3D_tennisswing.pdf>
Package pdftex.def Info: Figures/MSRAction3D_tennisswing.pdf used on input line
 382.
(pdftex.def)             Requested size: 88.79865pt x 66.59874pt.


pdfTeX warning: pdflatex.exe (file F:/Dropbox/GITHUB/Journal/LaTeX/Figures/MSRA
ction3D_tennisserve.pdf): PDF inclusion: found PDF version <1.7>, but at most v
ersion <1.5> allowed
<Figures/MSRAction3D_tennisserve.pdf, id=353, 321.2pt x 240.9pt>
File: Figures/MSRAction3D_tennisserve.pdf Graphic file (type pdf)

<use Figures/MSRAction3D_tennisserve.pdf>
Package pdftex.def Info: Figures/MSRAction3D_tennisserve.pdf used on input line
 382.
(pdftex.def)             Requested size: 88.79865pt x 66.59874pt.


pdfTeX warning: pdflatex.exe (file F:/Dropbox/GITHUB/Journal/LaTeX/Figures/MSRA
ction3D_golfswing.pdf): PDF inclusion: found PDF version <1.7>, but at most ver
sion <1.5> allowed
<Figures/MSRAction3D_golfswing.pdf, id=354, 321.2pt x 240.9pt>
File: Figures/MSRAction3D_golfswing.pdf Graphic file (type pdf)

<use Figures/MSRAction3D_golfswing.pdf>
Package pdftex.def Info: Figures/MSRAction3D_golfswing.pdf used on input line 3
82.
(pdftex.def)             Requested size: 88.79865pt x 66.59874pt.


pdfTeX warning: pdflatex.exe (file F:/Dropbox/GITHUB/Journal/LaTeX/Figures/MSRA
ction3D_pickupandthrow.pdf): PDF inclusion: found PDF version <1.7>, but at mos
t version <1.5> allowed
<Figures/MSRAction3D_pickupandthrow.pdf, id=355, 321.2pt x 240.9pt>
File: Figures/MSRAction3D_pickupandthrow.pdf Graphic file (type pdf)

<use Figures/MSRAction3D_pickupandthrow.pdf>
Package pdftex.def Info: Figures/MSRAction3D_pickupandthrow.pdf used on input l
ine 382.
(pdftex.def)             Requested size: 88.79865pt x 66.59874pt.

Underfull \vbox (badness 10000) has occurred while \output is active []

 [6 <F:/Dropbox/GITHUB/Journal/LaTeX/Figures/Figure_PointProjection.pdf>]
Underfull \hbox (badness 1874) in paragraph at lines 408--411
 []\OT1/txr/bx/it/10 Feature Ex-trac-tion\OT1/txr/bx/n/10 .[] \OT1/txr/m/n/10 W
e use the ap-pli-ca-tion avail-
 []

[7 <F:/Dropbox/GITHUB/Journal/LaTeX/Figures/MSRAction3D_higharmwave.pdf> <F:/Dr
opbox/GITHUB/Journal/LaTeX/Figures/MSRAction3D_horizontalarmwave.pdf> <F:/Dropb
ox/GITHUB/Journal/LaTeX/Figures/MSRAction3D_hammer.pdf> <F:/Dropbox/GITHUB/Jour
nal/LaTeX/Figures/MSRAction3D_handcatch.pdf> <F:/Dropbox/GITHUB/Journal/LaTeX/F
igures/MSRAction3D_forwardpunch.pdf> <F:/Dropbox/GITHUB/Journal/LaTeX/Figures/M
SRAction3D_highthrow.pdf> <F:/Dropbox/GITHUB/Journal/LaTeX/Figures/MSRAction3D_
drawx.pdf> <F:/Dropbox/GITHUB/Journal/LaTeX/Figures/MSRAction3D_drawtick.pdf> <
F:/Dropbox/GITHUB/Journal/LaTeX/Figures/MSRAction3D_drawcircle.pdf> <F:/Dropbox
/GITHUB/Journal/LaTeX/Figures/MSRAction3D_handclap.pdf> <F:/Dropbox/GITHUB/Jour
nal/LaTeX/Figures/MSRAction3D_twohandwave.pdf> <F:/Dropbox/GITHUB/Journal/LaTeX
/Figures/MSRAction3D_sideboxing.pdf> <F:/Dropbox/GITHUB/Journal/LaTeX/Figures/M
SRAction3D_bend.pdf> <F:/Dropbox/GITHUB/Journal/LaTeX/Figures/MSRAction3D_forwa
rdkick.pdf> <F:/Dropbox/GITHUB/Journal/LaTeX/Figures/MSRAction3D_sidekick.pdf> 
<F:/Dropbox/GITHUB/Journal/LaTeX/Figures/MSRAction3D_jogging.pdf> <F:/Dropbox/G
ITHUB/Journal/LaTeX/Figures/MSRAction3D_tennisswing.pdf> <F:/Dropbox/GITHUB/Jou
rnal/LaTeX/Figures/MSRAction3D_tennisserve.pdf> <F:/Dropbox/GITHUB/Journal/LaTe
X/Figures/MSRAction3D_golfswing.pdf> <F:/Dropbox/GITHUB/Journal/LaTeX/Figures/M
SRAction3D_pickupandthrow.pdf>]

LaTeX Warning: `h' float specifier changed to `ht'.

<Figures/Chart_EarlyFusion_AS123_MBH.pdf, id=492, 713.66624pt x 404.51125pt>
File: Figures/Chart_EarlyFusion_AS123_MBH.pdf Graphic file (type pdf)

<use Figures/Chart_EarlyFusion_AS123_MBH.pdf>
Package pdftex.def Info: Figures/Chart_EarlyFusion_AS123_MBH.pdf used on input 
line 484.
(pdftex.def)             Requested size: 222.0pt x 125.82925pt.

<Figures/Chart_RoleOfRepresentations.pdf, id=495, 713.66624pt x 404.51125pt>
File: Figures/Chart_RoleOfRepresentations.pdf Graphic file (type pdf)

<use Figures/Chart_RoleOfRepresentations.pdf>
Package pdftex.def Info: Figures/Chart_RoleOfRepresentations.pdf used on input 
line 501.
(pdftex.def)             Requested size: 222.0pt x 125.82925pt.


LaTeX Warning: `h' float specifier changed to `ht'.


Overfull \hbox (5.00636pt too wide) in paragraph at lines 533--534
 [] 
 []


Overfull \hbox (5.00153pt too wide) in paragraph at lines 559--560
 [][] 
 []


Overfull \hbox (5.00995pt too wide) in paragraph at lines 585--586
 [][] 
 []


LaTeX Warning: `h' float specifier changed to `ht'.

[8 <F:/Dropbox/GITHUB/Journal/LaTeX/Figures/Chart_EarlyFusion_AS123_MBH.pdf, pa
ge is rotated 180 degrees>]

LaTeX Warning: `h' float specifier changed to `ht'.

<Figures/Figure_TheRoleOfViews.pdf, id=563, 527.9725pt x 368.37625pt>
File: Figures/Figure_TheRoleOfViews.pdf Graphic file (type pdf)

<use Figures/Figure_TheRoleOfViews.pdf>
Package pdftex.def Info: Figures/Figure_TheRoleOfViews.pdf used on input line 6
40.
(pdftex.def)             Requested size: 222.0pt x 154.8912pt.

Underfull \vbox (badness 10000) has occurred while \output is active []



pdfTeX warning: pdflatex.exe (file F:/Dropbox/GITHUB/Journal/LaTeX/Figures/Pair
3D_pickup.pdf): PDF inclusion: found PDF version <1.7>, but at most version <1.
5> allowed
<Figures/Pair3D_pickup.pdf, id=565, 321.2pt x 240.9pt>
File: Figures/Pair3D_pickup.pdf Graphic file (type pdf)

<use Figures/Pair3D_pickup.pdf>
Package pdftex.def Info: Figures/Pair3D_pickup.pdf used on input line 667.
(pdftex.def)             Requested size: 70.19714pt x 52.64528pt.


pdfTeX warning: pdflatex.exe (file F:/Dropbox/GITHUB/Journal/LaTeX/Figures/Pair
3D_lift.pdf): PDF inclusion: found PDF version <1.7>, but at most version <1.5>
 allowed
<Figures/Pair3D_lift.pdf, id=566, 321.2pt x 240.9pt>
File: Figures/Pair3D_lift.pdf Graphic file (type pdf)

<use Figures/Pair3D_lift.pdf>
Package pdftex.def Info: Figures/Pair3D_lift.pdf used on input line 667.
(pdftex.def)             Requested size: 70.19714pt x 52.64528pt.


pdfTeX warning: pdflatex.exe (file F:/Dropbox/GITHUB/Journal/LaTeX/Figures/Pair
3D_push.pdf): PDF inclusion: found PDF version <1.7>, but at most version <1.5>
 allowed
<Figures/Pair3D_push.pdf, id=567, 321.2pt x 240.9pt>
File: Figures/Pair3D_push.pdf Graphic file (type pdf)

<use Figures/Pair3D_push.pdf>
Package pdftex.def Info: Figures/Pair3D_push.pdf used on input line 667.
(pdftex.def)             Requested size: 70.19714pt x 52.64528pt.


pdfTeX warning: pdflatex.exe (file F:/Dropbox/GITHUB/Journal/LaTeX/Figures/Pair
3D_wear.pdf): PDF inclusion: found PDF version <1.7>, but at most version <1.5>
 allowed
<Figures/Pair3D_wear.pdf, id=568, 321.2pt x 240.9pt>
File: Figures/Pair3D_wear.pdf Graphic file (type pdf)

<use Figures/Pair3D_wear.pdf>
Package pdftex.def Info: Figures/Pair3D_wear.pdf used on input line 667.
(pdftex.def)             Requested size: 70.19714pt x 52.64528pt.


pdfTeX warning: pdflatex.exe (file F:/Dropbox/GITHUB/Journal/LaTeX/Figures/Pair
3D_putonabackpack.pdf): PDF inclusion: found PDF version <1.7>, but at most ver
sion <1.5> allowed
<Figures/Pair3D_putonabackpack.pdf, id=569, 321.2pt x 240.9pt>
File: Figures/Pair3D_putonabackpack.pdf Graphic file (type pdf)

<use Figures/Pair3D_putonabackpack.pdf>
Package pdftex.def Info: Figures/Pair3D_putonabackpack.pdf used on input line 6
67.
(pdftex.def)             Requested size: 70.19714pt x 52.64528pt.


pdfTeX warning: pdflatex.exe (file F:/Dropbox/GITHUB/Journal/LaTeX/Figures/Pair
3D_stick.pdf): PDF inclusion: found PDF version <1.7>, but at most version <1.5
> allowed
<Figures/Pair3D_stick.pdf, id=570, 321.2pt x 240.9pt>
File: Figures/Pair3D_stick.pdf Graphic file (type pdf)

<use Figures/Pair3D_stick.pdf>
Package pdftex.def Info: Figures/Pair3D_stick.pdf used on input line 667.
(pdftex.def)             Requested size: 70.19714pt x 52.64528pt.


pdfTeX warning: pdflatex.exe (file F:/Dropbox/GITHUB/Journal/LaTeX/Figures/Pair
3D_putdown.pdf): PDF inclusion: found PDF version <1.7>, but at most version <1
.5> allowed
<Figures/Pair3D_putdown.pdf, id=571, 321.2pt x 240.9pt>
File: Figures/Pair3D_putdown.pdf Graphic file (type pdf)

<use Figures/Pair3D_putdown.pdf>
Package pdftex.def Info: Figures/Pair3D_putdown.pdf used on input line 667.
(pdftex.def)             Requested size: 70.19714pt x 52.64528pt.


pdfTeX warning: pdflatex.exe (file F:/Dropbox/GITHUB/Journal/LaTeX/Figures/Pair
3D_place.pdf): PDF inclusion: found PDF version <1.7>, but at most version <1.5
> allowed
<Figures/Pair3D_place.pdf, id=572, 321.2pt x 240.9pt>
File: Figures/Pair3D_place.pdf Graphic file (type pdf)

<use Figures/Pair3D_place.pdf>
Package pdftex.def Info: Figures/Pair3D_place.pdf used on input line 667.
(pdftex.def)             Requested size: 70.19714pt x 52.64528pt.


pdfTeX warning: pdflatex.exe (file F:/Dropbox/GITHUB/Journal/LaTeX/Figures/Pair
3D_pull.pdf): PDF inclusion: found PDF version <1.7>, but at most version <1.5>
 allowed
<Figures/Pair3D_pull.pdf, id=573, 321.2pt x 240.9pt>
File: Figures/Pair3D_pull.pdf Graphic file (type pdf)

<use Figures/Pair3D_pull.pdf>
Package pdftex.def Info: Figures/Pair3D_pull.pdf used on input line 667.
(pdftex.def)             Requested size: 70.19714pt x 52.64528pt.


pdfTeX warning: pdflatex.exe (file F:/Dropbox/GITHUB/Journal/LaTeX/Figures/Pair
3D_takeoff.pdf): PDF inclusion: found PDF version <1.7>, but at most version <1
.5> allowed
<Figures/Pair3D_takeoff.pdf, id=574, 321.2pt x 240.9pt>
File: Figures/Pair3D_takeoff.pdf Graphic file (type pdf)

<use Figures/Pair3D_takeoff.pdf>
Package pdftex.def Info: Figures/Pair3D_takeoff.pdf used on input line 667.
(pdftex.def)             Requested size: 70.19714pt x 52.64528pt.


pdfTeX warning: pdflatex.exe (file F:/Dropbox/GITHUB/Journal/LaTeX/Figures/Pair
3D_takeoffabackpack.pdf): PDF inclusion: found PDF version <1.7>, but at most v
ersion <1.5> allowed
<Figures/Pair3D_takeoffabackpack.pdf, id=575, 321.2pt x 240.9pt>
File: Figures/Pair3D_takeoffabackpack.pdf Graphic file (type pdf)

<use Figures/Pair3D_takeoffabackpack.pdf>
Package pdftex.def Info: Figures/Pair3D_takeoffabackpack.pdf used on input line
 667.
(pdftex.def)             Requested size: 70.19714pt x 52.64528pt.


pdfTeX warning: pdflatex.exe (file F:/Dropbox/GITHUB/Journal/LaTeX/Figures/Pair
3D_remove.pdf): PDF inclusion: found PDF version <1.7>, but at most version <1.
5> allowed
<Figures/Pair3D_remove.pdf, id=576, 321.2pt x 240.9pt>
File: Figures/Pair3D_remove.pdf Graphic file (type pdf)

<use Figures/Pair3D_remove.pdf>
Package pdftex.def Info: Figures/Pair3D_remove.pdf used on input line 667.
(pdftex.def)             Requested size: 70.19714pt x 52.64528pt.

Underfull \vbox (badness 2809) has occurred while \output is active []

 [9 <F:/Dropbox/GITHUB/Journal/LaTeX/Figures/Chart_RoleOfRepresentations.pdf, p
age is rotated 180 degrees> <F:/Dropbox/GITHUB/Journal/LaTeX/Figures/Figure_The
RoleOfViews.pdf>]
LaTeX Font Info:    Try loading font information for OMS+txr on input line 678.

 ("C:\Program Files\MiKTeX 2.9\tex\latex\txfonts\omstxr.fd"
File: omstxr.fd 2000/12/15 v3.1
)
LaTeX Font Info:    Font shape `OMS/txr/m/n' in size <10> not available
(Font)              Font shape `OMS/txsy/m/n' tried instead on input line 678.


pdfTeX warning: pdflatex.exe (file F:/Dropbox/GITHUB/Journal/LaTeX/Figures/MSRG
esture3D_bathroom.pdf): PDF inclusion: found PDF version <1.7>, but at most ver
sion <1.5> allowed
<Figures/MSRGesture3D_bathroom.pdf, id=685, 120.45pt x 120.45pt>
File: Figures/MSRGesture3D_bathroom.pdf Graphic file (type pdf)

<use Figures/MSRGesture3D_bathroom.pdf>
Package pdftex.def Info: Figures/MSRGesture3D_bathroom.pdf used on input line 7
18.
(pdftex.def)             Requested size: 48.84027pt x 48.83894pt.


pdfTeX warning: pdflatex.exe (file F:/Dropbox/GITHUB/Journal/LaTeX/Figures/MSRG
esture3D_blue.pdf): PDF inclusion: found PDF version <1.7>, but at most version
 <1.5> allowed
<Figures/MSRGesture3D_blue.pdf, id=686, 120.45pt x 120.45pt>
File: Figures/MSRGesture3D_blue.pdf Graphic file (type pdf)

<use Figures/MSRGesture3D_blue.pdf>
Package pdftex.def Info: Figures/MSRGesture3D_blue.pdf used on input line 718.
(pdftex.def)             Requested size: 48.84027pt x 48.83894pt.


pdfTeX warning: pdflatex.exe (file F:/Dropbox/GITHUB/Journal/LaTeX/Figures/MSRG
esture3D_finish.pdf): PDF inclusion: found PDF version <1.7>, but at most versi
on <1.5> allowed
<Figures/MSRGesture3D_finish.pdf, id=687, 120.45pt x 120.45pt>
File: Figures/MSRGesture3D_finish.pdf Graphic file (type pdf)

<use Figures/MSRGesture3D_finish.pdf>
Package pdftex.def Info: Figures/MSRGesture3D_finish.pdf used on input line 718
.
(pdftex.def)             Requested size: 48.84027pt x 48.83894pt.


pdfTeX warning: pdflatex.exe (file F:/Dropbox/GITHUB/Journal/LaTeX/Figures/MSRG
esture3D_green.pdf): PDF inclusion: found PDF version <1.7>, but at most versio
n <1.5> allowed
<Figures/MSRGesture3D_green.pdf, id=688, 120.45pt x 120.45pt>
File: Figures/MSRGesture3D_green.pdf Graphic file (type pdf)

<use Figures/MSRGesture3D_green.pdf>
Package pdftex.def Info: Figures/MSRGesture3D_green.pdf used on input line 718.

(pdftex.def)             Requested size: 48.84027pt x 48.83894pt.


pdfTeX warning: pdflatex.exe (file F:/Dropbox/GITHUB/Journal/LaTeX/Figures/MSRG
esture3D_hungry.pdf): PDF inclusion: found PDF version <1.7>, but at most versi
on <1.5> allowed
<Figures/MSRGesture3D_hungry.pdf, id=689, 120.45pt x 120.45pt>
File: Figures/MSRGesture3D_hungry.pdf Graphic file (type pdf)

<use Figures/MSRGesture3D_hungry.pdf>
Package pdftex.def Info: Figures/MSRGesture3D_hungry.pdf used on input line 718
.
(pdftex.def)             Requested size: 48.84027pt x 48.83894pt.


pdfTeX warning: pdflatex.exe (file F:/Dropbox/GITHUB/Journal/LaTeX/Figures/MSRG
esture3D_milk.pdf): PDF inclusion: found PDF version <1.7>, but at most version
 <1.5> allowed
<Figures/MSRGesture3D_milk.pdf, id=690, 120.45pt x 120.45pt>
File: Figures/MSRGesture3D_milk.pdf Graphic file (type pdf)

<use Figures/MSRGesture3D_milk.pdf>
Package pdftex.def Info: Figures/MSRGesture3D_milk.pdf used on input line 718.
(pdftex.def)             Requested size: 48.84027pt x 48.83894pt.


pdfTeX warning: pdflatex.exe (file F:/Dropbox/GITHUB/Journal/LaTeX/Figures/MSRG
esture3D_past.pdf): PDF inclusion: found PDF version <1.7>, but at most version
 <1.5> allowed
<Figures/MSRGesture3D_past.pdf, id=691, 120.45pt x 120.45pt>
File: Figures/MSRGesture3D_past.pdf Graphic file (type pdf)

<use Figures/MSRGesture3D_past.pdf>
Package pdftex.def Info: Figures/MSRGesture3D_past.pdf used on input line 718.
(pdftex.def)             Requested size: 48.84027pt x 48.83894pt.


pdfTeX warning: pdflatex.exe (file F:/Dropbox/GITHUB/Journal/LaTeX/Figures/MSRG
esture3D_pig.pdf): PDF inclusion: found PDF version <1.7>, but at most version 
<1.5> allowed
<Figures/MSRGesture3D_pig.pdf, id=692, 120.45pt x 120.45pt>
File: Figures/MSRGesture3D_pig.pdf Graphic file (type pdf)

<use Figures/MSRGesture3D_pig.pdf>
Package pdftex.def Info: Figures/MSRGesture3D_pig.pdf used on input line 718.
(pdftex.def)             Requested size: 48.84027pt x 48.83894pt.


pdfTeX warning: pdflatex.exe (file F:/Dropbox/GITHUB/Journal/LaTeX/Figures/MSRG
esture3D_store.pdf): PDF inclusion: found PDF version <1.7>, but at most versio
n <1.5> allowed
<Figures/MSRGesture3D_store.pdf, id=693, 120.45pt x 120.45pt>
File: Figures/MSRGesture3D_store.pdf Graphic file (type pdf)

<use Figures/MSRGesture3D_store.pdf>
Package pdftex.def Info: Figures/MSRGesture3D_store.pdf used on input line 718.

(pdftex.def)             Requested size: 48.84027pt x 48.83894pt.


pdfTeX warning: pdflatex.exe (file F:/Dropbox/GITHUB/Journal/LaTeX/Figures/MSRG
esture3D_where.pdf): PDF inclusion: found PDF version <1.7>, but at most versio
n <1.5> allowed
<Figures/MSRGesture3D_where.pdf, id=694, 120.45pt x 120.45pt>
File: Figures/MSRGesture3D_where.pdf Graphic file (type pdf)

<use Figures/MSRGesture3D_where.pdf>
Package pdftex.def Info: Figures/MSRGesture3D_where.pdf used on input line 718.

(pdftex.def)             Requested size: 48.84027pt x 48.83894pt.


pdfTeX warning: pdflatex.exe (file F:/Dropbox/GITHUB/Journal/LaTeX/Figures/MSRG
esture3D_j.pdf): PDF inclusion: found PDF version <1.7>, but at most version <1
.5> allowed
<Figures/MSRGesture3D_j.pdf, id=695, 120.45pt x 120.45pt>
File: Figures/MSRGesture3D_j.pdf Graphic file (type pdf)

<use Figures/MSRGesture3D_j.pdf>
Package pdftex.def Info: Figures/MSRGesture3D_j.pdf used on input line 718.
(pdftex.def)             Requested size: 48.84027pt x 48.83894pt.


pdfTeX warning: pdflatex.exe (file F:/Dropbox/GITHUB/Journal/LaTeX/Figures/MSRG
esture3D_z.pdf): PDF inclusion: found PDF version <1.7>, but at most version <1
.5> allowed
<Figures/MSRGesture3D_z.pdf, id=696, 120.45pt x 120.45pt>
File: Figures/MSRGesture3D_z.pdf Graphic file (type pdf)

<use Figures/MSRGesture3D_z.pdf>
Package pdftex.def Info: Figures/MSRGesture3D_z.pdf used on input line 718.
(pdftex.def)             Requested size: 48.84027pt x 48.83894pt.


LaTeX Warning: `h' float specifier changed to `ht'.


Underfull \vbox (badness 1043) has occurred while \output is active []

 [10 <F:/Dropbox/GITHUB/Journal/LaTeX/Figures/Pair3D_pickup.pdf> <F:/Dropbox/GI
THUB/Journal/LaTeX/Figures/Pair3D_lift.pdf> <F:/Dropbox/GITHUB/Journal/LaTeX/Fi
gures/Pair3D_push.pdf> <F:/Dropbox/GITHUB/Journal/LaTeX/Figures/Pair3D_wear.pdf
> <F:/Dropbox/GITHUB/Journal/LaTeX/Figures/Pair3D_putonabackpack.pdf> <F:/Dropb
ox/GITHUB/Journal/LaTeX/Figures/Pair3D_stick.pdf> <F:/Dropbox/GITHUB/Journal/La
TeX/Figures/Pair3D_putdown.pdf> <F:/Dropbox/GITHUB/Journal/LaTeX/Figures/Pair3D
_place.pdf> <F:/Dropbox/GITHUB/Journal/LaTeX/Figures/Pair3D_pull.pdf> <F:/Dropb
ox/GITHUB/Journal/LaTeX/Figures/Pair3D_takeoff.pdf> <F:/Dropbox/GITHUB/Journal/
LaTeX/Figures/Pair3D_takeoffabackpack.pdf> <F:/Dropbox/GITHUB/Journal/LaTeX/Fig
ures/Pair3D_remove.pdf>]
Overfull \hbox (5.00043pt too wide) in paragraph at lines 846--847
 [][] 
 []


Overfull \hbox (5.00465pt too wide) in paragraph at lines 881--882
 [][] 
 []

[11 <F:/Dropbox/GITHUB/Journal/LaTeX/Figures/MSRGesture3D_bathroom.pdf> <F:/Dro
pbox/GITHUB/Journal/LaTeX/Figures/MSRGesture3D_blue.pdf> <F:/Dropbox/GITHUB/Jou
rnal/LaTeX/Figures/MSRGesture3D_finish.pdf> <F:/Dropbox/GITHUB/Journal/LaTeX/Fi
gures/MSRGesture3D_green.pdf> <F:/Dropbox/GITHUB/Journal/LaTeX/Figures/MSRGestu
re3D_hungry.pdf> <F:/Dropbox/GITHUB/Journal/LaTeX/Figures/MSRGesture3D_milk.pdf
> <F:/Dropbox/GITHUB/Journal/LaTeX/Figures/MSRGesture3D_past.pdf> <F:/Dropbox/G
ITHUB/Journal/LaTeX/Figures/MSRGesture3D_pig.pdf> <F:/Dropbox/GITHUB/Journal/La
TeX/Figures/MSRGesture3D_store.pdf> <F:/Dropbox/GITHUB/Journal/LaTeX/Figures/MS
RGesture3D_where.pdf> <F:/Dropbox/GITHUB/Journal/LaTeX/Figures/MSRGesture3D_j.p
df> <F:/Dropbox/GITHUB/Journal/LaTeX/Figures/MSRGesture3D_z.pdf>]
(F:\Dropbox\GITHUB\Journal\LaTeX\elsarticle-chien.bbl
Missing character: There is no  in font txr!
Missing character: There is no  in font txr!
Missing character: There is no  in font txr!
Missing character: There is no  in font txr!
Missing character: There is no  in font txr!
Missing character: There is no  in font txr!
 [12]
Underfull \vbox (badness 10000) has occurred while \output is active []

Missing character: There is no  in font txr!
Missing character: There is no  in font txr!
Missing character: There is no  in font txr!
Missing character: There is no  in font txr!
Missing character: There is no  in font txr!
Missing character: There is no  in font txr!
)
Package atveryend Info: Empty hook `BeforeClearDocument' on input line 921.
 [13]
Package atveryend Info: Empty hook `AfterLastShipout' on input line 921.

(F:\Dropbox\GITHUB\Journal\LaTeX\elsarticle-chien.aux)
Package atveryend Info: Executing hook `AtVeryEndDocument' on input line 921.
Package atveryend Info: Executing hook `AtEndAfterFileList' on input line 921.
Package rerunfilecheck Info: File `elsarticle-chien.out' has not changed.
(rerunfilecheck)             Checksum: 679BEEE0C91009E51EEB5F1954796C18;1234.
Package atveryend Info: Empty hook `AtVeryVeryEnd' on input line 921.
 ) 
Here is how much of TeX's memory you used:
 10530 strings out of 493921
 160756 string characters out of 3147330
 399544 words of memory out of 3000000
 13444 multiletter control sequences out of 15000+200000
 41525 words of font info for 100 fonts, out of 3000000 for 9000
 841 hyphenation exceptions out of 8191
 44i,18n,52p,1297b,519s stack positions out of 5000i,500n,10000p,200000b,50000s
{C:/Program Files/MiKTeX 2.9/fonts/enc/dvips/fontname/8r.enc}<C:/Program File
s/MiKTeX 2.9/fonts/type1/public/amsfonts/cm/cmtt10.pfb><C:/Program Files/MiKTeX
 2.9/fonts/type1/public/amsfonts/cm/cmtt8.pfb><C:/Program Files/MiKTeX 2.9/font
s/type1/public/txfonts/rtxb.pfb><C:/Program Files/MiKTeX 2.9/fonts/type1/public
/txfonts/rtxi.pfb><C:/Program Files/MiKTeX 2.9/fonts/type1/public/txfonts/rtxmi
.pfb><C:/Program Files/MiKTeX 2.9/fonts/type1/public/txfonts/rtxr.pfb><C:/Progr
am Files/MiKTeX 2.9/fonts/type1/public/txfonts/txex.pfb><C:/Program Files/MiKTe
X 2.9/fonts/type1/public/txfonts/txsy.pfb><C:/Program Files/MiKTeX 2.9/fonts/ty
pe1/urw/helvetic/uhvr8a.pfb><C:/Program Files/MiKTeX 2.9/fonts/type1/urw/times/
utmb8a.pfb><C:/Program Files/MiKTeX 2.9/fonts/type1/urw/times/utmbi8a.pfb><C:/P
rogram Files/MiKTeX 2.9/fonts/type1/urw/times/utmr8a.pfb><C:/Program Files/MiKT
eX 2.9/fonts/type1/urw/times/utmri8a.pfb>
Output written on elsarticle-chien.pdf (13 pages, 1221390 bytes).
PDF statistics:
 897 PDF objects out of 1000 (max. 8388607)
 121 named destinations out of 1000 (max. 500000)
 405 words of extra memory for PDF output out of 10000 (max. 10000000)

